[debug] [2023-01-06T11:23:04.769Z] ----------------------------------------------------------------------
[debug] [2023-01-06T11:23:04.771Z] Command:       /usr/bin/node /usr/bin/firebase init
[debug] [2023-01-06T11:23:04.772Z] CLI Version:   11.20.0
[debug] [2023-01-06T11:23:04.772Z] Platform:      linux
[debug] [2023-01-06T11:23:04.772Z] Node Version:  v16.19.0
[debug] [2023-01-06T11:23:04.773Z] Time:          Fri Jan 06 2023 14:23:04 GMT+0300 (Arabian Standard Time)
[debug] [2023-01-06T11:23:04.773Z] ----------------------------------------------------------------------
[debug] 
[debug] [2023-01-06T11:23:04.780Z] > command requires scopes: ["email","openid","https://www.googleapis.com/auth/cloudplatformprojects.readonly","https://www.googleapis.com/auth/firebase","https://www.googleapis.com/auth/cloud-platform"]
[debug] [2023-01-06T11:23:04.780Z] > authorizing via signed-in user (mohammedhammad07@gmail.com)
[info] 
     ######## #### ########  ######## ########     ###     ######  ########
     ##        ##  ##     ## ##       ##     ##  ##   ##  ##       ##
     ######    ##  ########  ######   ########  #########  ######  ######
     ##        ##  ##    ##  ##       ##     ## ##     ##       ## ##
     ##       #### ##     ## ######## ########  ##     ##  ######  ########

You're about to initialize a Firebase project in this directory:

  /home/hammad/Desktop/rahmah-makan

[info] 
=== Project Setup
[info] 
[info] First, let's associate this project directory with a Firebase project.
[info] You can create multiple project aliases by running firebase use --add, 
[info] but for now we'll just set up a default project.
[info] 
[debug] [2023-01-06T11:23:35.059Z] >>> [apiv2][query] GET https://firebase.googleapis.com/v1beta1/projects pageSize=100
[debug] [2023-01-06T11:23:42.675Z] <<< [apiv2][status] GET https://firebase.googleapis.com/v1beta1/projects 200
[debug] [2023-01-06T11:23:42.675Z] <<< [apiv2][body] GET https://firebase.googleapis.com/v1beta1/projects [omitted]
[info] i  Using project rahmah-makan-map (rahmah-makan-map) 
[info] 
=== Hosting Setup
[info] 
[info] Your public directory is the folder (relative to your project directory) that
[info] will contain Hosting assets to be uploaded with firebase deploy. If you
[info] have a build process for your assets, use your build's output directory.
[info] 
[debug] [2023-01-06T11:24:15.361Z] >>> [apiv2][query] GET https://www.gstatic.com/firebasejs/releases.json [none]
[debug] [2023-01-06T11:24:16.406Z] <<< [apiv2][status] GET https://www.gstatic.com/firebasejs/releases.json 200
[debug] [2023-01-06T11:24:16.406Z] <<< [apiv2][body] GET https://www.gstatic.com/firebasejs/releases.json {"current":{"version":"9.15.0","browserURL":"https://www.gstatic.com/firebasejs/9.15.0/firebase.js","packageURL":"https://www.gstatic.com/firebasejs/9.15.0/firebase.tgz"},"live":{"version":"9.15","browserURL":"https://www.gstatic.com/firebasejs/live/9.15/firebase.js","packageURL":"https://www.gstatic.com/firebasejs/live/9.15/firebase.tgz"},"components":{"analytics":"https://www.gstatic.com/firebasejs/9.15.0/firebase-analytics.js","app":"https://www.gstatic.com/firebasejs/9.15.0/firebase-app.js","app-check":"https://www.gstatic.com/firebasejs/9.15.0/firebase-app-check.js","auth":"https://www.gstatic.com/firebasejs/9.15.0/firebase-auth.js","auth/cordova":"https://www.gstatic.com/firebasejs/9.15.0/firebase-auth/cordova.js","auth/react-native":"https://www.gstatic.com/firebasejs/9.15.0/firebase-auth/react-native.js","functions":"https://www.gstatic.com/firebasejs/9.15.0/firebase-functions.js","firestore":"https://www.gstatic.com/firebasejs/9.15.0/firebase-firestore.js","firestore/lite":"https://www.gstatic.com/firebasejs/9.15.0/firebase-firestore/lite.js","installations":"https://www.gstatic.com/firebasejs/9.15.0/firebase-installations.js","storage":"https://www.gstatic.com/firebasejs/9.15.0/firebase-storage.js","performance":"https://www.gstatic.com/firebasejs/9.15.0/firebase-performance.js","remote-config":"https://www.gstatic.com/firebasejs/9.15.0/firebase-remote-config.js","messaging":"https://www.gstatic.com/firebasejs/9.15.0/firebase-messaging.js","messaging/sw":"https://www.gstatic.com/firebasejs/9.15.0/firebase-messaging/sw.js","database":"https://www.gstatic.com/firebasejs/9.15.0/firebase-database.js","firestore.memory":"https://www.gstatic.com/firebasejs/9.15.0/firebase-firestore.memory.js"}}
[info] i  Skipping write of public/index.html 
[info] 
[info] i  Detected a .git folder at /home/hammad/Desktop/rahmah-makan 
[info] i  Authorizing with GitHub to upload your service account to a GitHub repository's secrets store. 
[info] 
[info] Visit this URL on this device to log in:
[info] https://github.com/login/oauth/authorize?client_id=89cf50f02ac6aaed3484&state=785543408&redirect_uri=http%3A%2F%2Flocalhost%3A9005&scope=read%3Auser%20repo%20public_repo
[info] 
[info] Waiting for authentication...
[debug] [2023-01-06T11:25:04.175Z] >>> [apiv2][query] POST https://github.com/login/oauth/access_token [none]
[debug] [2023-01-06T11:25:04.176Z] >>> [apiv2][body] POST https://github.com/login/oauth/access_token [stream]
[debug] [2023-01-06T11:25:05.939Z] <<< [apiv2][status] POST https://github.com/login/oauth/access_token 200
[debug] [2023-01-06T11:25:05.940Z] <<< [apiv2][body] POST https://github.com/login/oauth/access_token {"access_token":"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","token_type":"bearer","scope":"read:user,repo"}
[debug] [2023-01-06T11:25:05.943Z] >>> [apiv2][query] GET https://api.github.com/user [none]
[debug] [2023-01-06T11:25:07.315Z] <<< [apiv2][status] GET https://api.github.com/user 200
[debug] [2023-01-06T11:25:07.315Z] <<< [apiv2][body] GET https://api.github.com/user {"login":"h4mmad","id":55020862,"node_id":"MDQ6VXNlcjU1MDIwODYy","avatar_url":"https://avatars.githubusercontent.com/u/55020862?v=4","gravatar_id":"","url":"https://api.github.com/users/h4mmad","html_url":"https://github.com/h4mmad","followers_url":"https://api.github.com/users/h4mmad/followers","following_url":"https://api.github.com/users/h4mmad/following{/other_user}","gists_url":"https://api.github.com/users/h4mmad/gists{/gist_id}","starred_url":"https://api.github.com/users/h4mmad/starred{/owner}{/repo}","subscriptions_url":"https://api.github.com/users/h4mmad/subscriptions","organizations_url":"https://api.github.com/users/h4mmad/orgs","repos_url":"https://api.github.com/users/h4mmad/repos","events_url":"https://api.github.com/users/h4mmad/events{/privacy}","received_events_url":"https://api.github.com/users/h4mmad/received_events","type":"User","site_admin":false,"name":"Hammad","company":null,"blog":"","location":null,"email":null,"hireable":null,"bio":null,"twitter_username":null,"public_repos":24,"public_gists":2,"followers":0,"following":2,"created_at":"2019-09-07T11:21:14Z","updated_at":"2023-01-03T05:07:25Z","private_gists":0,"total_private_repos":4,"owned_private_repos":4,"disk_usage":138059,"collaborators":0,"two_factor_authentication":false,"plan":{"name":"free","space":976562499,"collaborators":0,"private_repos":10000}}
[info] 
[info] ✔  Success! Logged into GitHub as h4mmad 
[info] 
[debug] [2023-01-06T11:25:38.497Z] >>> [apiv2][query] GET https://api.github.com/repos/h4mmad/rahmah-makan/actions/secrets/public-key type=owner
[debug] [2023-01-06T11:25:40.207Z] <<< [apiv2][status] GET https://api.github.com/repos/h4mmad/rahmah-makan/actions/secrets/public-key 200
[debug] [2023-01-06T11:25:40.207Z] <<< [apiv2][body] GET https://api.github.com/repos/h4mmad/rahmah-makan/actions/secrets/public-key {"key_id":"568250167242549743","key":"cVCsrJtPPa8zszGVV+o60QdPXP8Rd5M+Fi922FYbMHI="}
[debug] [2023-01-06T11:25:40.211Z] >>> [apiv2][query] GET https://api.github.com/repos/h4mmad/rahmah-makan [none]
[debug] [2023-01-06T11:25:41.078Z] <<< [apiv2][status] GET https://api.github.com/repos/h4mmad/rahmah-makan 200
[debug] [2023-01-06T11:25:41.078Z] <<< [apiv2][body] GET https://api.github.com/repos/h4mmad/rahmah-makan {"id":576642698,"node_id":"R_kgDOIl7eig","name":"rahmah-makan","full_name":"h4mmad/rahmah-makan","private":false,"owner":{"login":"h4mmad","id":55020862,"node_id":"MDQ6VXNlcjU1MDIwODYy","avatar_url":"https://avatars.githubusercontent.com/u/55020862?v=4","gravatar_id":"","url":"https://api.github.com/users/h4mmad","html_url":"https://github.com/h4mmad","followers_url":"https://api.github.com/users/h4mmad/followers","following_url":"https://api.github.com/users/h4mmad/following{/other_user}","gists_url":"https://api.github.com/users/h4mmad/gists{/gist_id}","starred_url":"https://api.github.com/users/h4mmad/starred{/owner}{/repo}","subscriptions_url":"https://api.github.com/users/h4mmad/subscriptions","organizations_url":"https://api.github.com/users/h4mmad/orgs","repos_url":"https://api.github.com/users/h4mmad/repos","events_url":"https://api.github.com/users/h4mmad/events{/privacy}","received_events_url":"https://api.github.com/users/h4mmad/received_events","type":"User","site_admin":false},"html_url":"https://github.com/h4mmad/rahmah-makan","description":null,"fork":false,"url":"https://api.github.com/repos/h4mmad/rahmah-makan","forks_url":"https://api.github.com/repos/h4mmad/rahmah-makan/forks","keys_url":"https://api.github.com/repos/h4mmad/rahmah-makan/keys{/key_id}","collaborators_url":"https://api.github.com/repos/h4mmad/rahmah-makan/collaborators{/collaborator}","teams_url":"https://api.github.com/repos/h4mmad/rahmah-makan/teams","hooks_url":"https://api.github.com/repos/h4mmad/rahmah-makan/hooks","issue_events_url":"https://api.github.com/repos/h4mmad/rahmah-makan/issues/events{/number}","events_url":"https://api.github.com/repos/h4mmad/rahmah-makan/events","assignees_url":"https://api.github.com/repos/h4mmad/rahmah-makan/assignees{/user}","branches_url":"https://api.github.com/repos/h4mmad/rahmah-makan/branches{/branch}","tags_url":"https://api.github.com/repos/h4mmad/rahmah-makan/tags","blobs_url":"https://api.github.com/repos/h4mmad/rahmah-makan/git/blobs{/sha}","git_tags_url":"https://api.github.com/repos/h4mmad/rahmah-makan/git/tags{/sha}","git_refs_url":"https://api.github.com/repos/h4mmad/rahmah-makan/git/refs{/sha}","trees_url":"https://api.github.com/repos/h4mmad/rahmah-makan/git/trees{/sha}","statuses_url":"https://api.github.com/repos/h4mmad/rahmah-makan/statuses/{sha}","languages_url":"https://api.github.com/repos/h4mmad/rahmah-makan/languages","stargazers_url":"https://api.github.com/repos/h4mmad/rahmah-makan/stargazers","contributors_url":"https://api.github.com/repos/h4mmad/rahmah-makan/contributors","subscribers_url":"https://api.github.com/repos/h4mmad/rahmah-makan/subscribers","subscription_url":"https://api.github.com/repos/h4mmad/rahmah-makan/subscription","commits_url":"https://api.github.com/repos/h4mmad/rahmah-makan/commits{/sha}","git_commits_url":"https://api.github.com/repos/h4mmad/rahmah-makan/git/commits{/sha}","comments_url":"https://api.github.com/repos/h4mmad/rahmah-makan/comments{/number}","issue_comment_url":"https://api.github.com/repos/h4mmad/rahmah-makan/issues/comments{/number}","contents_url":"https://api.github.com/repos/h4mmad/rahmah-makan/contents/{+path}","compare_url":"https://api.github.com/repos/h4mmad/rahmah-makan/compare/{base}...{head}","merges_url":"https://api.github.com/repos/h4mmad/rahmah-makan/merges","archive_url":"https://api.github.com/repos/h4mmad/rahmah-makan/{archive_format}{/ref}","downloads_url":"https://api.github.com/repos/h4mmad/rahmah-makan/downloads","issues_url":"https://api.github.com/repos/h4mmad/rahmah-makan/issues{/number}","pulls_url":"https://api.github.com/repos/h4mmad/rahmah-makan/pulls{/number}","milestones_url":"https://api.github.com/repos/h4mmad/rahmah-makan/milestones{/number}","notifications_url":"https://api.github.com/repos/h4mmad/rahmah-makan/notifications{?since,all,participating}","labels_url":"https://api.github.com/repos/h4mmad/rahmah-makan/labels{/name}","releases_url":"https://api.github.com/repos/h4mmad/rahmah-makan/releases{/id}","deployments_url":"https://api.github.com/repos/h4mmad/rahmah-makan/deployments","created_at":"2022-12-10T14:04:28Z","updated_at":"2022-12-10T14:04:55Z","pushed_at":"2023-01-06T10:31:55Z","git_url":"git://github.com/h4mmad/rahmah-makan.git","ssh_url":"git@github.com:h4mmad/rahmah-makan.git","clone_url":"https://github.com/h4mmad/rahmah-makan.git","svn_url":"https://github.com/h4mmad/rahmah-makan","homepage":null,"size":1003,"stargazers_count":1,"watchers_count":1,"language":"JavaScript","has_issues":true,"has_projects":true,"has_downloads":true,"has_wiki":true,"has_pages":false,"has_discussions":false,"forks_count":0,"mirror_url":null,"archived":false,"disabled":false,"open_issues_count":0,"license":null,"allow_forking":true,"is_template":false,"web_commit_signoff_required":false,"topics":[],"visibility":"public","forks":0,"open_issues":0,"watchers":1,"default_branch":"main","permissions":{"admin":true,"maintain":true,"push":true,"triage":true,"pull":true},"temp_clone_token":"","allow_squash_merge":true,"allow_merge_commit":true,"allow_rebase_merge":true,"allow_auto_merge":false,"delete_branch_on_merge":false,"allow_update_branch":false,"use_squash_pr_title_as_default":false,"squash_merge_commit_message":"COMMIT_MESSAGES","squash_merge_commit_title":"COMMIT_OR_PR_TITLE","merge_commit_message":"PR_TITLE","merge_commit_title":"MERGE_MESSAGE","network_count":0,"subscribers_count":1}
[debug] [2023-01-06T11:25:41.082Z] >>> [apiv2][query] POST https://iam.googleapis.com/v1/projects/rahmah-makan-map/serviceAccounts [none]
[debug] [2023-01-06T11:25:41.083Z] >>> [apiv2][body] POST https://iam.googleapis.com/v1/projects/rahmah-makan-map/serviceAccounts {"accountId":"github-action-576642698","serviceAccount":{"displayName":"GitHub Actions (h4mmad/rahmah-makan)","description":"A service account with permission to deploy to Firebase Hosting for the GitHub repository h4mmad/rahmah-makan"}}
[debug] [2023-01-06T11:25:58.715Z] <<< [apiv2][status] POST https://iam.googleapis.com/v1/projects/rahmah-makan-map/serviceAccounts 200
[debug] [2023-01-06T11:25:58.716Z] <<< [apiv2][body] POST https://iam.googleapis.com/v1/projects/rahmah-makan-map/serviceAccounts [omitted]
[debug] [2023-01-06T11:25:58.718Z] >>> [apiv2][query] GET https://iam.googleapis.com/v1/projects/rahmah-makan-map/serviceAccounts/github-action-576642698@rahmah-makan-map.iam.gserviceaccount.com [none]
[debug] [2023-01-06T11:25:58.722Z] >>> [apiv2][query] POST https://cloudresourcemanager.googleapis.com/v1/projects/rahmah-makan-map:getIamPolicy [none]
